Release 14.7 - xst P.20131013 (nt64)
Copyright (c) 1995-2013 Xilinx, Inc.  All rights reserved.
--> Parameter TMPDIR set to xst/projnav.tmp


Total REAL time to Xst completion: 0.00 secs
Total CPU time to Xst completion: 0.14 secs
 
--> Parameter xsthdpdir set to xst


Total REAL time to Xst completion: 0.00 secs
Total CPU time to Xst completion: 0.15 secs
 
--> Reading design: fifo.prj

TABLE OF CONTENTS
  1) Synthesis Options Summary
  2) HDL Parsing
  3) HDL Elaboration
  4) HDL Synthesis
       4.1) HDL Synthesis Report
  5) Advanced HDL Synthesis
       5.1) Advanced HDL Synthesis Report
  6) Low Level Synthesis
  7) Partition Report
  8) Design Summary
       8.1) Primitive and Black Box Usage
       8.2) Device utilization summary
       8.3) Partition Resource Summary
       8.4) Timing Report
            8.4.1) Clock Information
            8.4.2) Asynchronous Control Signals Information
            8.4.3) Timing Summary
            8.4.4) Timing Details
            8.4.5) Cross Clock Domains Report


=========================================================================
*                      Synthesis Options Summary                        *
=========================================================================
---- Source Parameters
Input File Name                    : "fifo.prj"
Ignore Synthesis Constraint File   : NO

---- Target Parameters
Output File Name                   : "fifo"
Output Format                      : NGC
Target Device                      : xc7a100t-3-csg324

---- Source Options
Top Module Name                    : fifo
Automatic FSM Extraction           : YES
FSM Encoding Algorithm             : Auto
Safe Implementation                : No
FSM Style                          : LUT
RAM Extraction                     : Yes
RAM Style                          : Auto
ROM Extraction                     : Yes
Shift Register Extraction          : YES
ROM Style                          : Auto
Resource Sharing                   : YES
Asynchronous To Synchronous        : NO
Shift Register Minimum Size        : 2
Use DSP Block                      : Auto
Automatic Register Balancing       : No

---- Target Options
LUT Combining                      : Auto
Reduce Control Sets                : Auto
Add IO Buffers                     : YES
Global Maximum Fanout              : 100000
Add Generic Clock Buffer(BUFG)     : 32
Register Duplication               : YES
Optimize Instantiated Primitives   : NO
Use Clock Enable                   : Auto
Use Synchronous Set                : Auto
Use Synchronous Reset              : Auto
Pack IO Registers into IOBs        : Auto
Equivalent register Removal        : YES

---- General Options
Optimization Goal                  : Speed
Optimization Effort                : 1
Power Reduction                    : NO
Keep Hierarchy                     : No
Netlist Hierarchy                  : As_Optimized
RTL Output                         : Yes
Global Optimization                : AllClockNets
Read Cores                         : YES
Write Timing Constraints           : NO
Cross Clock Analysis               : NO
Hierarchy Separator                : /
Bus Delimiter                      : <>
Case Specifier                     : Maintain
Slice Utilization Ratio            : 100
BRAM Utilization Ratio             : 100
DSP48 Utilization Ratio            : 100
Auto BRAM Packing                  : NO
Slice Utilization Ratio Delta      : 5

=========================================================================


=========================================================================
*                          HDL Parsing                                  *
=========================================================================
Analyzing Verilog file "D:\INDICUS\Projects\SV_Projects\Fifo\RTL\fifo.v" into library work
Parsing module <fifo>.

=========================================================================
*                            HDL Elaboration                            *
=========================================================================

Elaborating module <fifo>.
WARNING:HDLCompiler:413 - "D:\INDICUS\Projects\SV_Projects\Fifo\RTL\fifo.v" Line 51: Result of 32-bit expression is truncated to fit in 3-bit target.
WARNING:HDLCompiler:413 - "D:\INDICUS\Projects\SV_Projects\Fifo\RTL\fifo.v" Line 52: Result of 32-bit expression is truncated to fit in 3-bit target.
WARNING:HDLCompiler:413 - "D:\INDICUS\Projects\SV_Projects\Fifo\RTL\fifo.v" Line 65: Result of 32-bit expression is truncated to fit in 4-bit target.
WARNING:HDLCompiler:413 - "D:\INDICUS\Projects\SV_Projects\Fifo\RTL\fifo.v" Line 66: Result of 32-bit expression is truncated to fit in 4-bit target.

=========================================================================
*                           HDL Synthesis                               *
=========================================================================

Synthesizing Unit <fifo>.
    Related source file is "D:\INDICUS\Projects\SV_Projects\Fifo\RTL\fifo.v".
    Found 3-bit register for signal <wr_ptr>.
    Found 3-bit register for signal <rd_ptr>.
    Found 4-bit register for signal <count>.
    Found 8-bit register for signal <data_out>.
    Found 5-bit subtractor for signal <GND_1_o_GND_1_o_sub_24_OUT> created at line 65.
    Found 4-bit adder for signal <n0065[3:0]> created at line 51.
    Found 4-bit adder for signal <n0067[3:0]> created at line 52.
    Found 5-bit adder for signal <n0069[4:0]> created at line 66.
    Found 8x8-bit dual-port RAM <Mram_ram> for signal <ram>.
    Summary:
	inferred   1 RAM(s).
	inferred   4 Adder/Subtractor(s).
	inferred  18 D-type flip-flop(s).
	inferred   4 Multiplexer(s).
Unit <fifo> synthesized.

=========================================================================
HDL Synthesis Report

Macro Statistics
# RAMs                                                 : 1
 8x8-bit dual-port RAM                                 : 1
# Adders/Subtractors                                   : 4
 4-bit adder                                           : 2
 5-bit adder                                           : 1
 5-bit subtractor                                      : 1
# Registers                                            : 4
 3-bit register                                        : 2
 4-bit register                                        : 1
 8-bit register                                        : 1
# Multiplexers                                         : 4
 32-bit 2-to-1 multiplexer                             : 2
 4-bit 2-to-1 multiplexer                              : 1
 8-bit 1-to-1 multiplexer                              : 1

=========================================================================

=========================================================================
*                       Advanced HDL Synthesis                          *
=========================================================================


Synthesizing (advanced) Unit <fifo>.
The following registers are absorbed into counter <rd_ptr>: 1 register on signal <rd_ptr>.
The following registers are absorbed into counter <wr_ptr>: 1 register on signal <wr_ptr>.
INFO:Xst:3231 - The small RAM <Mram_ram> will be implemented on LUTs in order to maximize performance and save block RAM resources. If you want to force its implementation on block, use option/constraint ram_style.
    -----------------------------------------------------------------------
    | ram_type           | Distributed                         |          |
    -----------------------------------------------------------------------
    | Port A                                                              |
    |     aspect ratio   | 8-word x 8-bit                      |          |
    |     clkA           | connected to signal <clk>           | rise     |
    |     weA            | connected to internal node          | high     |
    |     addrA          | connected to signal <wr_ptr>        |          |
    |     diA            | connected to signal <data_in>       |          |
    -----------------------------------------------------------------------
    | Port B                                                              |
    |     aspect ratio   | 8-word x 8-bit                      |          |
    |     addrB          | connected to signal <rd_ptr>        |          |
    |     doB            | connected to internal node          |          |
    -----------------------------------------------------------------------
Unit <fifo> synthesized (advanced).

=========================================================================
Advanced HDL Synthesis Report

Macro Statistics
# RAMs                                                 : 1
 8x8-bit dual-port distributed RAM                     : 1
# Adders/Subtractors                                   : 2
 5-bit adder                                           : 1
 5-bit subtractor                                      : 1
# Counters                                             : 2
 3-bit up counter                                      : 2
# Registers                                            : 12
 Flip-Flops                                            : 12
# Multiplexers                                         : 3
 32-bit 2-to-1 multiplexer                             : 2
 4-bit 2-to-1 multiplexer                              : 1

=========================================================================

=========================================================================
*                         Low Level Synthesis                           *
=========================================================================

Optimizing unit <fifo> ...

Mapping all equations...
Building and optimizing final netlist ...
Found area constraint ratio of 100 (+ 5) on block fifo, actual ratio is 0.

Final Macro Processing ...

=========================================================================
Final Register Report

Macro Statistics
# Registers                                            : 18
 Flip-Flops                                            : 18

=========================================================================

=========================================================================
*                           Partition Report                            *
=========================================================================

Partition Implementation Status
-------------------------------

  No Partitions were found in this design.

-------------------------------

=========================================================================
*                            Design Summary                             *
=========================================================================

Top Level Output File Name         : fifo.ngc

Primitive and Black Box Usage:
------------------------------
# BELS                             : 18
#      GND                         : 1
#      INV                         : 2
#      LUT2                        : 3
#      LUT3                        : 3
#      LUT4                        : 2
#      LUT5                        : 4
#      LUT6                        : 3
# FlipFlops/Latches                : 18
#      FDE                         : 8
#      FDRE                        : 10
# RAMS                             : 3
#      RAM32M                      : 1
#      RAM32X1D                    : 2
# Clock Buffers                    : 1
#      BUFGP                       : 1
# IO Buffers                       : 25
#      IBUF                        : 11
#      OBUF                        : 14

Device utilization summary:
---------------------------

Selected Device : 7a100tcsg324-3 


Slice Logic Utilization: 
 Number of Slice Registers:              18  out of  126800     0%  
 Number of Slice LUTs:                   25  out of  63400     0%  
    Number used as Logic:                17  out of  63400     0%  
    Number used as Memory:                8  out of  19000     0%  
       Number used as RAM:                8

Slice Logic Distribution: 
 Number of LUT Flip Flop pairs used:     29
   Number with an unused Flip Flop:      11  out of     29    37%  
   Number with an unused LUT:             4  out of     29    13%  
   Number of fully used LUT-FF pairs:    14  out of     29    48%  
   Number of unique control sets:         4

IO Utilization: 
 Number of IOs:                          26
 Number of bonded IOBs:                  26  out of    210    12%  

Specific Feature Utilization:
 Number of BUFG/BUFGCTRLs:                1  out of     32     3%  

---------------------------
Partition Resource Summary:
---------------------------

  No Partitions were found in this design.

---------------------------


=========================================================================
Timing Report

NOTE: THESE TIMING NUMBERS ARE ONLY A SYNTHESIS ESTIMATE.
      FOR ACCURATE TIMING INFORMATION PLEASE REFER TO THE TRACE REPORT
      GENERATED AFTER PLACE-and-ROUTE.

Clock Information:
------------------
-----------------------------------+------------------------+-------+
Clock Signal                       | Clock buffer(FF name)  | Load  |
-----------------------------------+------------------------+-------+
clk                                | BUFGP                  | 21    |
-----------------------------------+------------------------+-------+

Asynchronous Control Signals Information:
----------------------------------------
No asynchronous control signals found in this design

Timing Summary:
---------------
Speed Grade: -3

   Minimum period: 1.787ns (Maximum Frequency: 559.597MHz)
   Minimum input arrival time before clock: 1.520ns
   Maximum output required time after clock: 1.335ns
   Maximum combinational path delay: No path found

Timing Details:
---------------
All values displayed in nanoseconds (ns)

=========================================================================
Timing constraint: Default period analysis for Clock 'clk'
  Clock period: 1.787ns (frequency: 559.597MHz)
  Total number of paths / destination ports: 167 / 50
-------------------------------------------------------------------------
Delay:               1.787ns (Levels of Logic = 2)
  Source:            wr_ptr_2 (FF)
  Destination:       data_out_0 (FF)
  Source Clock:      clk rising
  Destination Clock: clk rising

  Data Path: wr_ptr_2 to data_out_0
                                Gate     Net
    Cell:in->out      fanout   Delay   Delay  Logical Name (Net Name)
    ----------------------------------------  ------------
     FDRE:C->Q             5   0.361   0.530  wr_ptr_2 (wr_ptr_2)
     LUT3:I0->O            1   0.097   0.295  _n0081_inv1_SW0 (N01)
     LUT6:I5->O            8   0.097   0.311  _n0081_inv1 (_n0081_inv)
     FDE:CE                    0.095          data_out_0
    ----------------------------------------
    Total                      1.787ns (0.650ns logic, 1.137ns route)
                                       (36.4% logic, 63.6% route)

=========================================================================
Timing constraint: Default OFFSET IN BEFORE for Clock 'clk'
  Total number of paths / destination ports: 56 / 43
-------------------------------------------------------------------------
Offset:              1.520ns (Levels of Logic = 2)
  Source:            wr_enb (PAD)
  Destination:       Mram_ram1 (RAM)
  Destination Clock: clk rising

  Data Path: wr_enb to Mram_ram1
                                Gate     Net
    Cell:in->out      fanout   Delay   Delay  Logical Name (Net Name)
    ----------------------------------------  ------------
     IBUF:I->O             7   0.001   0.711  wr_enb_IBUF (wr_enb_IBUF)
     LUT6:I1->O            6   0.097   0.302  wr_enb_wr_enb_OR_34_o11 (wr_enb_wr_enb_OR_34_o)
     RAM32M:WE                 0.408          Mram_ram1
    ----------------------------------------
    Total                      1.520ns (0.506ns logic, 1.014ns route)
                                       (33.3% logic, 66.7% route)

=========================================================================
Timing constraint: Default OFFSET OUT AFTER for Clock 'clk'
  Total number of paths / destination ports: 20 / 14
-------------------------------------------------------------------------
Offset:              1.335ns (Levels of Logic = 2)
  Source:            count_3 (FF)
  Destination:       empty (PAD)
  Source Clock:      clk rising

  Data Path: count_3 to empty
                                Gate     Net
    Cell:in->out      fanout   Delay   Delay  Logical Name (Net Name)
    ----------------------------------------  ------------
     FDRE:C->Q            10   0.361   0.598  count_3 (count_3)
     LUT4:I0->O            1   0.097   0.279  full1 (full_OBUF)
     OBUF:I->O                 0.000          full_OBUF (full)
    ----------------------------------------
    Total                      1.335ns (0.458ns logic, 0.877ns route)
                                       (34.3% logic, 65.7% route)

=========================================================================

Cross Clock Domains Report:
--------------------------

Clock to Setup on destination clock clk
---------------+---------+---------+---------+---------+
               | Src:Rise| Src:Fall| Src:Rise| Src:Fall|
Source Clock   |Dest:Rise|Dest:Rise|Dest:Fall|Dest:Fall|
---------------+---------+---------+---------+---------+
clk            |    1.787|         |         |         |
---------------+---------+---------+---------+---------+

=========================================================================


Total REAL time to Xst completion: 11.00 secs
Total CPU time to Xst completion: 11.37 secs
 
--> 

Total memory usage is 4617824 kilobytes

Number of errors   :    0 (   0 filtered)
Number of warnings :    4 (   0 filtered)
Number of infos    :    1 (   0 filtered)

